0 info it worked if it ends with ok
1 verbose cli [ '/usr/local/bin/node',
1 verbose cli   '/Users/itpreneur/.npm-packages/bin/npm',
1 verbose cli   'run-script',
1 verbose cli   'deploy' ]
2 info using npm@3.10.9
3 info using node@v9.2.0
4 verbose run-script [ 'predeploy', 'deploy', 'postdeploy' ]
5 info lifecycle server@1.0.0~predeploy: server@1.0.0
6 silly lifecycle server@1.0.0~predeploy: no script for predeploy, continuing
7 info lifecycle server@1.0.0~deploy: server@1.0.0
8 verbose lifecycle server@1.0.0~deploy: unsafe-perm in lifecycle true
9 verbose lifecycle server@1.0.0~deploy: PATH: /Users/itpreneur/.npm-packages/lib/node_modules/npm/bin/node-gyp-bin:/Users/itpreneur/Desktop/Projects/nodejs/aws_node_deployment/node/node_modules/.bin:/Users/itpreneur/.npm-packages/bin:/usr/local/bin:/usr/bin:/bin:/usr/sbin:/sbin:/usr/local/mongodb/bin:/usr/local/share/dotnet:/Library/Frameworks/Mono.framework/Versions/Current/Commands:/Applications/Wireshark.app/Contents/MacOS:/Users/itpreneur/.npm-packages/bin:/Users/itpreneur/.dnx/bin
10 verbose lifecycle server@1.0.0~deploy: CWD: /Users/itpreneur/Desktop/Projects/nodejs/aws_node_deployment/node
11 silly lifecycle server@1.0.0~deploy: Args: [ '-c', 'pm2 deploy ecosystem.config.js production' ]
12 silly lifecycle server@1.0.0~deploy: Returned: code: 1  signal: null
13 info lifecycle server@1.0.0~deploy: Failed to exec deploy script
14 verbose stack Error: server@1.0.0 deploy: `pm2 deploy ecosystem.config.js production`
14 verbose stack Exit status 1
14 verbose stack     at EventEmitter.<anonymous> (/Users/itpreneur/.npm-packages/lib/node_modules/npm/lib/utils/lifecycle.js:255:16)
14 verbose stack     at EventEmitter.emit (events.js:159:13)
14 verbose stack     at ChildProcess.<anonymous> (/Users/itpreneur/.npm-packages/lib/node_modules/npm/lib/utils/spawn.js:40:14)
14 verbose stack     at ChildProcess.emit (events.js:159:13)
14 verbose stack     at maybeClose (internal/child_process.js:943:16)
14 verbose stack     at Process.ChildProcess._handle.onexit (internal/child_process.js:220:5)
15 verbose pkgid server@1.0.0
16 verbose cwd /Users/itpreneur/Desktop/Projects/nodejs/aws_node_deployment/node
17 error Darwin 17.2.0
18 error argv "/usr/local/bin/node" "/Users/itpreneur/.npm-packages/bin/npm" "run-script" "deploy"
19 error node v9.2.0
20 error npm  v3.10.9
21 error code ELIFECYCLE
22 error server@1.0.0 deploy: `pm2 deploy ecosystem.config.js production`
22 error Exit status 1
23 error Failed at the server@1.0.0 deploy script 'pm2 deploy ecosystem.config.js production'.
23 error Make sure you have the latest version of node.js and npm installed.
23 error If you do, this is most likely a problem with the server package,
23 error not with npm itself.
23 error Tell the author that this fails on your system:
23 error     pm2 deploy ecosystem.config.js production
23 error You can get information on how to open an issue for this project with:
23 error     npm bugs server
23 error Or if that isn't available, you can get their info via:
23 error     npm owner ls server
23 error There is likely additional logging output above.
24 verbose exit [ 1, true ]
